<?xml version="1.0" encoding="UTF-8"?>
<testng-results ignored="0" total="2" passed="2" failed="0" skipped="0">
  <reporter-output>
  </reporter-output>
  <suite started-at="2019-05-13T15:31:04Z" name="Default suite" finished-at="2019-05-13T15:31:08Z" duration-ms="3405">
    <groups>
    </groups>
    <test started-at="2019-05-13T15:31:04Z" name="Default test" finished-at="2019-05-13T15:31:08Z" duration-ms="3405">
      <class name="tt.GetData">
        <test-method signature="testResponce()[pri:0, instance:tt.GetData@4034c28c]" started-at="2019-05-13T15:31:04Z" name="testResponce" finished-at="2019-05-13T15:31:07Z" duration-ms="2545" status="PASS">
          <reporter-output>
          </reporter-output>
        </test-method> <!-- testResponce -->
        <test-method signature="testbody()[pri:0, instance:tt.GetData@4034c28c]" started-at="2019-05-13T15:31:07Z" name="testbody" finished-at="2019-05-13T15:31:08Z" duration-ms="826" status="PASS">
          <reporter-output>
          </reporter-output>
        </test-method> <!-- testbody -->
      </class> <!-- tt.GetData -->
    </test> <!-- Default test -->
  </suite> <!-- Default suite -->
</testng-results>
